{
  "0 debug pnpm:scope": {
    "selected": 1
  },
  "1 info pnpm": {
    "err": {
      "name": "Error",
      "message": "not found: isntall",
      "code": "ENOENT",
      "stack": "Error: not found: isntall\n    at getNotFoundError (/usr/local/lib/node_modules/pnpm/dist/pnpm.cjs:41714:51)\n    at Function.whichSync [as sync] (/usr/local/lib/node_modules/pnpm/dist/pnpm.cjs:41791:13)\n    at getCommandAbsolutePathSync (/usr/local/lib/node_modules/pnpm/dist/pnpm.cjs:43356:44)\n    at default_1 (/usr/local/lib/node_modules/pnpm/dist/pnpm.cjs:43365:32)\n    at /usr/local/lib/node_modules/pnpm/dist/pnpm.cjs:178485:39"
    }
  },
  "2 error pnpm": {
    "code": "ERR_PNPM_RECURSIVE_EXEC_FIRST_FAIL",
    "prefix": "/home/jmwills/Desktop/Catalyst",
    "err": {
      "name": "pnpm",
      "message": "not found: isntall",
      "code": "ERR_PNPM_RECURSIVE_EXEC_FIRST_FAIL",
      "stack": "Error: not found: isntall\n    at getNotFoundError (/usr/local/lib/node_modules/pnpm/dist/pnpm.cjs:41714:51)\n    at Function.whichSync [as sync] (/usr/local/lib/node_modules/pnpm/dist/pnpm.cjs:41791:13)\n    at getCommandAbsolutePathSync (/usr/local/lib/node_modules/pnpm/dist/pnpm.cjs:43356:44)\n    at default_1 (/usr/local/lib/node_modules/pnpm/dist/pnpm.cjs:43365:32)\n    at /usr/local/lib/node_modules/pnpm/dist/pnpm.cjs:178485:39"
    }
  }
}